<?xml version="1.0" encoding="UTF-8"?>
<testng-results total="0" passed="0" failed="0" skipped="0">
  <reporter-output>
  </reporter-output>
  <suite started-at="2022-05-18T13:16:06Z" name="Suite" finished-at="2022-05-18T13:16:06Z" duration-ms="7">
    <groups>
    </groups>
    <test started-at="2022-05-18T13:16:06Z" name="Test" finished-at="2022-05-18T13:16:06Z" duration-ms="7">
      <class name="QRWeb.QRHooks">
        <test-method is-config="true" signature="start()[pri:0, instance:QRWeb.QRHooks@1fb19a0]" started-at="2022-05-18T21:16:02Z" name="start" finished-at="2022-05-18T21:16:06Z" duration-ms="3412" status="PASS">
          <reporter-output>
          </reporter-output>
        </test-method> <!-- start -->
        <test-method is-config="true" signature="End()[pri:0, instance:QRWeb.QRHooks@1fb19a0]" started-at="2022-05-18T21:16:06Z" name="End" finished-at="2022-05-18T21:16:06Z" duration-ms="108" status="PASS">
          <reporter-output>
          </reporter-output>
        </test-method> <!-- End -->
      </class> <!-- QRWeb.QRHooks -->
    </test> <!-- Test -->
  </suite> <!-- Suite -->
</testng-results>
